<?xml version="1.0" encoding="UTF-8"?>
<!-- Generated by org.testng.reporters.JUnitReportReporter -->
<testsuite hostname="DESKTOP-UFR257A" failures="0" tests="1" name="web.org.automation.automation1" time="5.024" errors="0" timestamp="2021-03-12T10:27:44 PST" skipped="0">
  <testcase classname="web.org.automation.automation1" name="Tc_001" time="5.024"/>
  <system-out/>
</testsuite> <!-- web.org.automation.automation1 -->
